[2024-12-21 10:57:41.451] [info]  DiscordSplash.signalReady
[2024-12-21 10:57:41.530] [info]  DiscordSplash.onStateUpdate: {"status":"installing-updates","current":1,"total":6}
[2024-12-21 10:57:41.531] [info]  Splash.onStateUpdate: {"status":"installing-updates","current":1,"total":6}
[2024-12-21 10:57:41.535] [info]  DiscordSplash.onStateUpdate: {"status":"installing-updates","current":2,"total":6}
[2024-12-21 10:57:41.536] [info]  Splash.onStateUpdate: {"status":"installing-updates","current":2,"total":6}
[2024-12-21 10:57:41.537] [info]  DiscordSplash.onStateUpdate: {"status":"installing-updates","current":3,"total":6}
[2024-12-21 10:57:41.537] [info]  Splash.onStateUpdate: {"status":"installing-updates","current":3,"total":6}
[2024-12-21 10:57:41.538] [info]  DiscordSplash.onStateUpdate: {"status":"installing-updates","current":4,"total":6}
[2024-12-21 10:57:41.539] [info]  Splash.onStateUpdate: {"status":"installing-updates","current":4,"total":6}
[2024-12-21 10:57:41.540] [info]  DiscordSplash.onStateUpdate: {"status":"installing-updates","current":5,"total":6}
[2024-12-21 10:57:41.541] [info]  Splash.onStateUpdate: {"status":"installing-updates","current":5,"total":6}
[2024-12-21 10:57:41.541] [info]  DiscordSplash.onStateUpdate: {"status":"installing-updates","current":6,"total":6}
[2024-12-21 10:57:41.542] [info]  Splash.onStateUpdate: {"status":"installing-updates","current":6,"total":6}
[2024-12-21 10:57:41.542] [info]  DiscordSplash.onStateUpdate: {"status":"checking-for-updates","current":6,"total":6}
[2024-12-21 10:57:41.543] [info]  Splash.onStateUpdate: {"status":"checking-for-updates","current":6,"total":6}
[2024-12-21 10:57:41.814] [info]  DiscordSplash.onStateUpdate: {"status":"update-manually","current":6,"total":6,"newVersion":"0.0.78"}
[2024-12-21 10:57:41.815] [info]  Splash.onStateUpdate: {"status":"update-manually","current":6,"total":6,"newVersion":"0.0.78"}
[2024-12-21 10:57:42.451] [info]  Splash.updateCountdownSeconds: undefined
[2024-12-21 10:57:43.451] [info]  Splash.updateCountdownSeconds: undefined
[2024-12-21 10:57:44.450] [info]  Splash.updateCountdownSeconds: undefined
[2024-12-21 10:57:45.451] [info]  Splash.updateCountdownSeconds: undefined
[2024-12-21 10:57:46.451] [info]  Splash.updateCountdownSeconds: undefined
[2024-12-21 10:57:47.451] [info]  Splash.updateCountdownSeconds: undefined
[2024-12-21 10:57:48.451] [info]  Splash.updateCountdownSeconds: undefined
[2024-12-21 10:57:49.451] [info]  Splash.updateCountdownSeconds: undefined
[2024-12-21 10:57:50.451] [info]  Splash.updateCountdownSeconds: undefined
[2024-12-21 10:57:51.451] [info]  Splash.updateCountdownSeconds: undefined
[2024-12-21 10:58:16.903] [info]  DiscordSplash.signalReady
[2024-12-21 10:58:16.977] [info]  DiscordSplash.onStateUpdate: {"status":"checking-for-updates"}
[2024-12-21 10:58:16.979] [info]  Splash.onStateUpdate: {"status":"checking-for-updates"}
[2024-12-21 10:58:17.259] [info]  DiscordSplash.onStateUpdate: {"status":"update-manually","newVersion":"0.0.78"}
[2024-12-21 10:58:17.260] [info]  Splash.onStateUpdate: {"status":"update-manually","newVersion":"0.0.78"}
[2024-12-21 10:58:17.903] [info]  Splash.updateCountdownSeconds: undefined
[2024-12-21 10:58:18.903] [info]  Splash.updateCountdownSeconds: undefined
[2024-12-21 10:58:19.903] [info]  Splash.updateCountdownSeconds: undefined
[2024-12-21 10:58:20.903] [info]  Splash.updateCountdownSeconds: undefined
[2024-12-21 10:58:28.581] [info]  DiscordSplash.signalReady
[2024-12-21 10:58:28.642] [info]  DiscordSplash.onStateUpdate: {"status":"checking-for-updates"}
[2024-12-21 10:58:28.643] [info]  Splash.onStateUpdate: {"status":"checking-for-updates"}
[2024-12-21 10:58:28.942] [info]  DiscordSplash.onStateUpdate: {"status":"update-manually","newVersion":"0.0.78"}
[2024-12-21 10:58:28.943] [info]  Splash.onStateUpdate: {"status":"update-manually","newVersion":"0.0.78"}
[2024-12-21 10:58:29.581] [info]  Splash.updateCountdownSeconds: undefined
[2024-12-21 10:58:30.581] [info]  Splash.updateCountdownSeconds: undefined
[2024-12-21 10:58:31.581] [info]  Splash.updateCountdownSeconds: undefined
[2024-12-21 10:58:32.581] [info]  Splash.updateCountdownSeconds: undefined
[2024-12-21 10:58:33.581] [info]  Splash.updateCountdownSeconds: undefined
[2024-12-21 10:58:34.581] [info]  Splash.updateCountdownSeconds: undefined
[2024-12-21 10:58:35.581] [info]  Splash.updateCountdownSeconds: undefined
